<?xml version="1.0" encoding="UTF-8"?>
<!-- Generated by org.testng.reporters.JUnitReportReporter -->
<testsuite hostname="Admin-PC" name="chrome" tests="1" failures="0" timestamp="2 May 2016 06:08:09 GMT" time="14.649" errors="0">
  <testcase name="testHomePage" time="14.649" classname="chrome"/>
</testsuite> <!-- chrome -->
