<?xml version="1.0" encoding="UTF-8"?>
<!-- Generated by org.testng.reporters.JUnitReportReporter -->
<testsuite hostname="Admin-PC" name="Learn.annotationTest" tests="2" failures="0" timestamp="15 May 2016 07:52:49 GMT" time="0.003" errors="0">
  <testcase name="myTestMethod1" time="0.002" classname="Learn.annotationTest"/>
  <testcase name="myTestMethod2" time="0.001" classname="Learn.annotationTest"/>
</testsuite> <!-- Learn.annotationTest -->
