<?xml version="1.0" encoding="UTF-8"?>
<!-- Generated by org.testng.reporters.JUnitReportReporter -->
<testsuite hostname="Admin-PC" name="bbc" tests="1" failures="0" timestamp="2 May 2016 04:29:12 GMT" time="16.983" errors="0">
  <testcase name="main" time="16.983" classname="bbc"/>
</testsuite> <!-- bbc -->
