<?xml version="1.0" encoding="UTF-8"?>
<!-- Generated by org.testng.reporters.JUnitReportReporter -->
<testsuite hostname="Admin-PC" name="annotationTest" tests="2" failures="0" timestamp="12 Jun 2016 00:42:27 GMT" time="0.004" errors="0">
  <testcase name="myTestMethod1" time="0.003" classname="annotationTest"/>
  <testcase name="myTestMethod2" time="0.001" classname="annotationTest"/>
</testsuite> <!-- annotationTest -->
